2014-05-30 14:55:05.496 HelloCordova[13497:70b] Multi-tasking -> Device: YES, App: YES
2014-05-30 14:55:05.527 HelloCordova[13497:70b] Unlimited access to network resources
2014-05-30 14:55:05.770 HelloCordova[13497:70b] [CDVTimer][keyboard] 0.108004ms
2014-05-30 14:55:05.771 HelloCordova[13497:70b] CDVPlugin class CDVStatusBar (pluginName: statusbar) does not exist.
2014-05-30 14:55:05.772 HelloCordova[13497:70b] [CDVTimer][statusbar] 0.575006ms
2014-05-30 14:55:05.772 HelloCordova[13497:70b] [CDVTimer][TotalPluginStartup] 2.009034ms
2014-05-30 14:55:06.064 HelloCordova[13497:70b] Resetting plugins due to page load.
2014-05-30 14:55:06.401 HelloCordova[13497:70b] Finished load of: file:///Users/lkbgift/Library/Application%20Support/iPhone%20Simulator/7.1/Applications/BF168280-E3DB-4219-87EB-544674D58D47/HelloCordova.app/www/index.html#/tab/dash
2014-05-30 16:34:47.421 MapMade.app[22660:70b] Multi-tasking -> Device: YES, App: YES
2014-05-30 16:34:47.429 MapMade.app[22660:70b] Unlimited access to network resources
2014-05-30 16:34:47.432 MapMade.app[22660:70b] Fix applied for database locations?: YES
2014-05-30 16:34:47.449 MapMade.app[22660:70b] [CDVTimer][keyboard] 0.070989ms
2014-05-30 16:34:47.449 MapMade.app[22660:70b] CDVPlugin class CDVStatusBar (pluginName: statusbar) does not exist.
2014-05-30 16:34:47.450 MapMade.app[22660:70b] [CDVTimer][statusbar] 0.522971ms
2014-05-30 16:34:47.450 MapMade.app[22660:70b] [CDVTimer][TotalPluginStartup] 1.673043ms
2014-05-30 16:34:47.495 MapMade.app[22660:70b] Resetting plugins due to page load.
2014-05-30 16:34:47.562 MapMade.app[22660:70b] Finished load of: file:///Users/lkbgift/Library/Application%20Support/iPhone%20Simulator/7.1/Applications/7785B8B8-58F1-4C08-B891-FC64B41E1948/MapMade.app.app/www/index.html
2014-05-30 16:34:56.462 MapMade.app[22660:70b] Camera.getPicture: source type 1 not available.
2014-05-30 16:34:58.363 MapMade.app[22660:70b] THREAD WARNING: ['Camera'] took '1901.646240' ms. Plugin should use a background thread.
2014-05-30 16:35:00.677 MapMade.app[22660:70b] Camera.getPicture: source type 1 not available.
2014-05-30 16:35:02.128 MapMade.app[22660:70b] THREAD WARNING: ['Camera'] took '1451.594727' ms. Plugin should use a background thread.
2014-05-30 16:35:02.898 MapMade.app[22660:70b] THREAD WARNING: ['Camera'] took '45.441895' ms. Plugin should use a background thread.
2014-05-30 16:35:07.592 MapMade.app[22660:70b] THREAD WARNING: ['Camera'] took '29.549072' ms. Plugin should use a background thread.
